<?xml version="1.0" encoding="UTF-8"?>
<!-- Generated by org.testng.reporters.JUnitReportReporter -->
<testsuite hostname="MaheshPC" failures="0" tests="4" name="testngPkg.ReadDataFromeExcel" time="20.932" errors="0" timestamp="2023-02-17T18:51:27 IST" skipped="0">
  <testcase classname="testngPkg.ReadDataFromeExcel" name="loginTest" time="2.127"/>
  <system-out/>
  <testcase classname="testngPkg.ReadDataFromeExcel" name="loginTest" time="2.228"/>
  <system-out/>
  <testcase classname="testngPkg.ReadDataFromeExcel" name="loginTest" time="1.740"/>
  <system-out/>
  <testcase classname="testngPkg.ReadDataFromeExcel" name="loginTest" time="14.837"/>
  <system-out/>
</testsuite> <!-- testngPkg.ReadDataFromeExcel -->
